Found existing installation: torch 2.0.0
Uninstalling torch-2.0.0:
  Would remove:
    /n/home13/asaluja/.local/bin/convert-caffe2-to-onnx
    /n/home13/asaluja/.local/bin/convert-onnx-to-caffe2
    /n/home13/asaluja/.local/bin/torchrun
    /n/home13/asaluja/.local/lib/python3.10/site-packages/functorch/*
    /n/home13/asaluja/.local/lib/python3.10/site-packages/nvfuser/*
    /n/home13/asaluja/.local/lib/python3.10/site-packages/torch-2.0.0.dist-info/*
    /n/home13/asaluja/.local/lib/python3.10/site-packages/torch/*
    /n/home13/asaluja/.local/lib/python3.10/site-packages/torchgen/*
Proceed (Y/n)? Defaulting to user installation because normal site-packages is not writeable
Looking in indexes: https://download.pytorch.org/whl/cu118
Requirement already satisfied: torch in /n/home13/asaluja/.local/lib/python3.10/site-packages (2.0.0)
Requirement already satisfied: torchvision in /n/home13/asaluja/.local/lib/python3.10/site-packages (0.15.1)
Collecting torchaudio
  Downloading https://download.pytorch.org/whl/cu118/torchaudio-2.5.1%2Bcu118-cp310-cp310-linux_x86_64.whl (3.3 MB)
     ━━━━━━━━━━━━━━━━━━━━━━━━━━━━━━━━━━━━━━━━ 3.3/3.3 MB 56.1 MB/s eta 0:00:00
Requirement already satisfied: nvidia-cuda-runtime-cu11==11.7.99 in /n/home13/asaluja/.local/lib/python3.10/site-packages (from torch) (11.7.99)
Requirement already satisfied: sympy in /n/home13/asaluja/.local/lib/python3.10/site-packages (from torch) (1.12)
Requirement already satisfied: filelock in /n/home13/asaluja/.local/lib/python3.10/site-packages (from torch) (3.13.1)
Requirement already satisfied: networkx in /n/home13/asaluja/.local/lib/python3.10/site-packages (from torch) (3.2.1)
Requirement already satisfied: typing-extensions in /n/home13/asaluja/.local/lib/python3.10/site-packages (from torch) (4.10.0)
Requirement already satisfied: nvidia-cusparse-cu11==11.7.4.91 in /n/home13/asaluja/.local/lib/python3.10/site-packages (from torch) (11.7.4.91)
Requirement already satisfied: triton==2.0.0 in /n/home13/asaluja/.local/lib/python3.10/site-packages (from torch) (2.0.0)
Requirement already satisfied: jinja2 in /n/home13/asaluja/.local/lib/python3.10/site-packages (from torch) (3.1.3)
Requirement already satisfied: nvidia-cuda-nvrtc-cu11==11.7.99 in /n/home13/asaluja/.local/lib/python3.10/site-packages (from torch) (11.7.99)
Requirement already satisfied: nvidia-cudnn-cu11==8.5.0.96 in /n/home13/asaluja/.local/lib/python3.10/site-packages (from torch) (8.5.0.96)
Requirement already satisfied: nvidia-nvtx-cu11==11.7.91 in /n/home13/asaluja/.local/lib/python3.10/site-packages (from torch) (11.7.91)
Requirement already satisfied: nvidia-nccl-cu11==2.14.3 in /n/home13/asaluja/.local/lib/python3.10/site-packages (from torch) (2.14.3)
Requirement already satisfied: nvidia-cuda-cupti-cu11==11.7.101 in /n/home13/asaluja/.local/lib/python3.10/site-packages (from torch) (11.7.101)
Requirement already satisfied: nvidia-cusolver-cu11==11.4.0.1 in /n/home13/asaluja/.local/lib/python3.10/site-packages (from torch) (11.4.0.1)
Requirement already satisfied: nvidia-cublas-cu11==11.10.3.66 in /n/home13/asaluja/.local/lib/python3.10/site-packages (from torch) (11.10.3.66)
Requirement already satisfied: nvidia-curand-cu11==10.2.10.91 in /n/home13/asaluja/.local/lib/python3.10/site-packages (from torch) (10.2.10.91)
Requirement already satisfied: nvidia-cufft-cu11==10.9.0.58 in /n/home13/asaluja/.local/lib/python3.10/site-packages (from torch) (10.9.0.58)
Requirement already satisfied: setuptools in /n/sw/Mambaforge-22.11.1-4/lib/python3.10/site-packages (from nvidia-cublas-cu11==11.10.3.66->torch) (65.6.3)
Requirement already satisfied: wheel in /n/sw/Mambaforge-22.11.1-4/lib/python3.10/site-packages (from nvidia-cublas-cu11==11.10.3.66->torch) (0.38.4)
Requirement already satisfied: lit in /n/home13/asaluja/.local/lib/python3.10/site-packages (from triton==2.0.0->torch) (18.1.1)
Requirement already satisfied: cmake in /n/home13/asaluja/.local/lib/python3.10/site-packages (from triton==2.0.0->torch) (3.28.3)
Requirement already satisfied: requests in /n/sw/Mambaforge-22.11.1-4/lib/python3.10/site-packages (from torchvision) (2.28.2)
Requirement already satisfied: numpy in /n/home13/asaluja/.local/lib/python3.10/site-packages (from torchvision) (1.26.4)
Requirement already satisfied: pillow!=8.3.*,>=5.3.0 in /n/home13/asaluja/.local/lib/python3.10/site-packages (from torchvision) (10.2.0)
  Downloading https://download.pytorch.org/whl/cu118/torchaudio-2.5.0%2Bcu118-cp310-cp310-linux_x86_64.whl (3.3 MB)
     ━━━━━━━━━━━━━━━━━━━━━━━━━━━━━━━━━━━━━━━━ 3.3/3.3 MB 22.4 MB/s eta 0:00:00
  Downloading https://download.pytorch.org/whl/cu118/torchaudio-2.4.1%2Bcu118-cp310-cp310-linux_x86_64.whl (3.3 MB)
     ━━━━━━━━━━━━━━━━━━━━━━━━━━━━━━━━━━━━━━━━ 3.3/3.3 MB 12.5 MB/s eta 0:00:00
  Downloading https://download.pytorch.org/whl/cu118/torchaudio-2.4.0%2Bcu118-cp310-cp310-linux_x86_64.whl (3.3 MB)
     ━━━━━━━━━━━━━━━━━━━━━━━━━━━━━━━━━━━━━━━━ 3.3/3.3 MB 33.4 MB/s eta 0:00:00
  Downloading https://download.pytorch.org/whl/cu118/torchaudio-2.3.1%2Bcu118-cp310-cp310-linux_x86_64.whl (3.3 MB)
     ━━━━━━━━━━━━━━━━━━━━━━━━━━━━━━━━━━━━━━━━ 3.3/3.3 MB 33.1 MB/s eta 0:00:00
  Downloading https://download.pytorch.org/whl/cu118/torchaudio-2.3.0%2Bcu118-cp310-cp310-linux_x86_64.whl (3.3 MB)
     ━━━━━━━━━━━━━━━━━━━━━━━━━━━━━━━━━━━━━━━━ 3.3/3.3 MB 33.3 MB/s eta 0:00:00
  Downloading https://download.pytorch.org/whl/cu118/torchaudio-2.2.2%2Bcu118-cp310-cp310-linux_x86_64.whl (3.3 MB)
     ━━━━━━━━━━━━━━━━━━━━━━━━━━━━━━━━━━━━━━━━ 3.3/3.3 MB 34.1 MB/s eta 0:00:00
  Downloading https://download.pytorch.org/whl/cu118/torchaudio-2.2.1%2Bcu118-cp310-cp310-linux_x86_64.whl (3.3 MB)
     ━━━━━━━━━━━━━━━━━━━━━━━━━━━━━━━━━━━━━━━━ 3.3/3.3 MB 29.4 MB/s eta 0:00:00
  Downloading https://download.pytorch.org/whl/cu118/torchaudio-2.2.0%2Bcu118-cp310-cp310-linux_x86_64.whl (3.3 MB)
     ━━━━━━━━━━━━━━━━━━━━━━━━━━━━━━━━━━━━━━━━ 3.3/3.3 MB 30.1 MB/s eta 0:00:00
  Downloading https://download.pytorch.org/whl/cu118/torchaudio-2.1.2%2Bcu118-cp310-cp310-linux_x86_64.whl (3.2 MB)
     ━━━━━━━━━━━━━━━━━━━━━━━━━━━━━━━━━━━━━━━━ 3.2/3.2 MB 32.3 MB/s eta 0:00:00
  Downloading https://download.pytorch.org/whl/cu118/torchaudio-2.1.1%2Bcu118-cp310-cp310-linux_x86_64.whl (3.2 MB)
     ━━━━━━━━━━━━━━━━━━━━━━━━━━━━━━━━━━━━━━━━ 3.2/3.2 MB 37.7 MB/s eta 0:00:00
  Downloading https://download.pytorch.org/whl/cu118/torchaudio-2.1.0%2Bcu118-cp310-cp310-linux_x86_64.whl (3.2 MB)
     ━━━━━━━━━━━━━━━━━━━━━━━━━━━━━━━━━━━━━━━━ 3.2/3.2 MB 9.3 MB/s eta 0:00:00
  Downloading https://download.pytorch.org/whl/cu118/torchaudio-2.0.2%2Bcu118-cp310-cp310-linux_x86_64.whl (4.4 MB)
     ━━━━━━━━━━━━━━━━━━━━━━━━━━━━━━━━━━━━━━━━ 4.4/4.4 MB 15.6 MB/s eta 0:00:00
  Downloading https://download.pytorch.org/whl/cu118/torchaudio-2.0.1%2Bcu118-cp310-cp310-linux_x86_64.whl (4.4 MB)
     ━━━━━━━━━━━━━━━━━━━━━━━━━━━━━━━━━━━━━━━━ 4.4/4.4 MB 23.9 MB/s eta 0:00:00
Requirement already satisfied: MarkupSafe>=2.0 in /n/home13/asaluja/.local/lib/python3.10/site-packages (from jinja2->torch) (2.1.5)
Requirement already satisfied: urllib3<1.27,>=1.21.1 in /n/sw/Mambaforge-22.11.1-4/lib/python3.10/site-packages (from requests->torchvision) (1.26.14)
Requirement already satisfied: certifi>=2017.4.17 in /n/sw/Mambaforge-22.11.1-4/lib/python3.10/site-packages (from requests->torchvision) (2022.12.7)
Requirement already satisfied: charset-normalizer<4,>=2 in /n/sw/Mambaforge-22.11.1-4/lib/python3.10/site-packages (from requests->torchvision) (2.1.1)
Requirement already satisfied: idna<4,>=2.5 in /n/sw/Mambaforge-22.11.1-4/lib/python3.10/site-packages (from requests->torchvision) (3.4)
Requirement already satisfied: mpmath>=0.19 in /n/home13/asaluja/.local/lib/python3.10/site-packages (from sympy->torch) (1.3.0)
Installing collected packages: torchaudio
Successfully installed torchaudio-2.0.1+cu118
Files already downloaded and verified
Files already downloaded and verified
