Found existing installation: torch 2.5.1+cu118
Uninstalling torch-2.5.1+cu118:
  Successfully uninstalled torch-2.5.1+cu118
Defaulting to user installation because normal site-packages is not writeable
Looking in indexes: https://download.pytorch.org/whl/cu118
Collecting torch
  Downloading https://download.pytorch.org/whl/cu118/torch-2.5.1%2Bcu118-cp310-cp310-linux_x86_64.whl (838.3 MB)
     ━━━━━━━━━━━━━━━━━━━━━━━━━━━━━━━━━━━━━ 838.3/838.3 MB 117.8 MB/s eta 0:00:00
Collecting torchvision
  Downloading https://download.pytorch.org/whl/cu118/torchvision-0.20.1%2Bcu118-cp310-cp310-linux_x86_64.whl (6.5 MB)
     ━━━━━━━━━━━━━━━━━━━━━━━━━━━━━━━━━━━━━━━━ 6.5/6.5 MB 118.5 MB/s eta 0:00:00
Collecting torchaudio
  Downloading https://download.pytorch.org/whl/cu118/torchaudio-2.5.1%2Bcu118-cp310-cp310-linux_x86_64.whl (3.3 MB)
     ━━━━━━━━━━━━━━━━━━━━━━━━━━━━━━━━━━━━━━━━ 3.3/3.3 MB 120.1 MB/s eta 0:00:00
Requirement already satisfied: nvidia-nvtx-cu11==11.8.86 in /n/home13/asaluja/.local/lib/python3.10/site-packages (from torch) (11.8.86)
Requirement already satisfied: nvidia-cudnn-cu11==9.1.0.70 in /n/home13/asaluja/.local/lib/python3.10/site-packages (from torch) (9.1.0.70)
Requirement already satisfied: nvidia-cuda-nvrtc-cu11==11.8.89 in /n/home13/asaluja/.local/lib/python3.10/site-packages (from torch) (11.8.89)
Requirement already satisfied: nvidia-cusparse-cu11==11.7.5.86 in /n/home13/asaluja/.local/lib/python3.10/site-packages (from torch) (11.7.5.86)
Requirement already satisfied: fsspec in /n/home13/asaluja/.local/lib/python3.10/site-packages (from torch) (2024.3.1)
Requirement already satisfied: filelock in /n/home13/asaluja/.local/lib/python3.10/site-packages (from torch) (3.13.1)
Requirement already satisfied: typing-extensions>=4.8.0 in /n/home13/asaluja/.local/lib/python3.10/site-packages (from torch) (4.10.0)
Requirement already satisfied: nvidia-cuda-runtime-cu11==11.8.89 in /n/home13/asaluja/.local/lib/python3.10/site-packages (from torch) (11.8.89)
Requirement already satisfied: nvidia-cusolver-cu11==11.4.1.48 in /n/home13/asaluja/.local/lib/python3.10/site-packages (from torch) (11.4.1.48)
Requirement already satisfied: nvidia-nccl-cu11==2.21.5 in /n/home13/asaluja/.local/lib/python3.10/site-packages (from torch) (2.21.5)
Requirement already satisfied: nvidia-curand-cu11==10.3.0.86 in /n/home13/asaluja/.local/lib/python3.10/site-packages (from torch) (10.3.0.86)
Requirement already satisfied: nvidia-cufft-cu11==10.9.0.58 in /n/home13/asaluja/.local/lib/python3.10/site-packages (from torch) (10.9.0.58)
Requirement already satisfied: jinja2 in /n/home13/asaluja/.local/lib/python3.10/site-packages (from torch) (3.1.3)
Requirement already satisfied: nvidia-cublas-cu11==11.11.3.6 in /n/home13/asaluja/.local/lib/python3.10/site-packages (from torch) (11.11.3.6)
Requirement already satisfied: triton==3.1.0 in /n/home13/asaluja/.local/lib/python3.10/site-packages (from torch) (3.1.0)
Requirement already satisfied: nvidia-cuda-cupti-cu11==11.8.87 in /n/home13/asaluja/.local/lib/python3.10/site-packages (from torch) (11.8.87)
Requirement already satisfied: networkx in /n/home13/asaluja/.local/lib/python3.10/site-packages (from torch) (3.2.1)
Requirement already satisfied: sympy==1.13.1 in /n/home13/asaluja/.local/lib/python3.10/site-packages (from torch) (1.13.1)
Requirement already satisfied: mpmath<1.4,>=1.1.0 in /n/home13/asaluja/.local/lib/python3.10/site-packages (from sympy==1.13.1->torch) (1.3.0)
Requirement already satisfied: pillow!=8.3.*,>=5.3.0 in /n/home13/asaluja/.local/lib/python3.10/site-packages (from torchvision) (10.2.0)
Requirement already satisfied: numpy in /n/home13/asaluja/.local/lib/python3.10/site-packages (from torchvision) (1.26.4)
Requirement already satisfied: MarkupSafe>=2.0 in /n/home13/asaluja/.local/lib/python3.10/site-packages (from jinja2->torch) (2.1.5)
Installing collected packages: torch, torchvision, torchaudio
Successfully installed torch-2.5.1+cu118 torchaudio-2.5.1+cu118 torchvision-0.20.1+cu118
Files already downloaded and verified
Files already downloaded and verified
Training the main model...
Epoch 1, Loss: 2.3793, Training Accuracy: 42.80%
Epoch 2, Loss: 1.6196, Training Accuracy: 56.34%
Epoch 3, Loss: 1.4783, Training Accuracy: 59.38%
Epoch 4, Loss: 1.4065, Training Accuracy: 60.97%
Epoch 5, Loss: 1.3573, Training Accuracy: 61.83%
Epoch 6, Loss: 1.3198, Training Accuracy: 62.60%
Epoch 7, Loss: 1.2928, Training Accuracy: 63.76%
Epoch 8, Loss: 1.2716, Training Accuracy: 64.05%
Epoch 9, Loss: 1.2531, Training Accuracy: 64.36%
Epoch 10, Loss: 1.2378, Training Accuracy: 64.86%
Epoch 11, Loss: 1.2158, Training Accuracy: 65.31%
Epoch 12, Loss: 1.2064, Training Accuracy: 65.66%
Epoch 13, Loss: 1.1911, Training Accuracy: 65.97%
Epoch 14, Loss: 1.1788, Training Accuracy: 66.25%
Epoch 15, Loss: 1.1678, Training Accuracy: 66.37%
Epoch 16, Loss: 1.1636, Training Accuracy: 66.66%
Epoch 17, Loss: 1.1545, Training Accuracy: 67.01%
Epoch 18, Loss: 1.1458, Training Accuracy: 66.87%
Epoch 19, Loss: 1.1405, Training Accuracy: 67.15%
Epoch 20, Loss: 1.1375, Training Accuracy: 67.28%
Epoch 21, Loss: 1.1244, Training Accuracy: 67.70%
Epoch 22, Loss: 1.1248, Training Accuracy: 67.59%
Epoch 23, Loss: 1.1161, Training Accuracy: 67.78%
Epoch 24, Loss: 1.1104, Training Accuracy: 67.92%
Epoch 25, Loss: 1.1056, Training Accuracy: 67.93%
Training auxiliary models...
Epoch 1, conv1 Loss: 4.2184, layer1.0.conv1 Loss: 4.3181, layer1.0.conv2 Loss: 4.2612, layer1.1.conv1 Loss: 4.2602, layer1.1.conv2 Loss: 4.3376, layer2.0.conv1 Loss: 4.1837, layer2.0.conv2 Loss: 4.3031, layer2.1.conv1 Loss: 4.2525, layer2.1.conv2 Loss: 4.3111, layer3.0.conv1 Loss: 3.9087, layer3.0.conv2 Loss: 3.7072, layer3.1.conv1 Loss: 4.1390, layer3.1.conv2 Loss: 4.1579, layer4.0.conv1 Loss: 3.9232, layer4.0.conv2 Loss: 4.0386, layer4.1.conv1 Loss: 4.5304, layer4.1.conv2 Loss: 2.9474
Epoch 2, conv1 Loss: 4.0998, layer1.0.conv1 Loss: 4.0592, layer1.0.conv2 Loss: 3.9028, layer1.1.conv1 Loss: 3.9056, layer1.1.conv2 Loss: 4.0033, layer2.0.conv1 Loss: 3.7602, layer2.0.conv2 Loss: 3.9011, layer2.1.conv1 Loss: 3.7793, layer2.1.conv2 Loss: 3.8479, layer3.0.conv1 Loss: 3.3234, layer3.0.conv2 Loss: 3.0409, layer3.1.conv1 Loss: 3.4939, layer3.1.conv2 Loss: 3.4593, layer4.0.conv1 Loss: 3.0591, layer4.0.conv2 Loss: 3.1093, layer4.1.conv1 Loss: 4.2725, layer4.1.conv2 Loss: 1.8999
Epoch 3, conv1 Loss: 4.0409, layer1.0.conv1 Loss: 3.9688, layer1.0.conv2 Loss: 3.7961, layer1.1.conv1 Loss: 3.8059, layer1.1.conv2 Loss: 3.8584, layer2.0.conv1 Loss: 3.6322, layer2.0.conv2 Loss: 3.6742, layer2.1.conv1 Loss: 3.5667, layer2.1.conv2 Loss: 3.6120, layer3.0.conv1 Loss: 3.1486, layer3.0.conv2 Loss: 2.8353, layer3.1.conv1 Loss: 3.2693, layer3.1.conv2 Loss: 3.1908, layer4.0.conv1 Loss: 2.7707, layer4.0.conv2 Loss: 2.7784, layer4.1.conv1 Loss: 4.1231, layer4.1.conv2 Loss: 1.6766
Epoch 4, conv1 Loss: 3.9934, layer1.0.conv1 Loss: 3.8971, layer1.0.conv2 Loss: 3.7384, layer1.1.conv1 Loss: 3.7540, layer1.1.conv2 Loss: 3.7759, layer2.0.conv1 Loss: 3.5556, layer2.0.conv2 Loss: 3.5475, layer2.1.conv1 Loss: 3.4554, layer2.1.conv2 Loss: 3.4868, layer3.0.conv1 Loss: 3.0377, layer3.0.conv2 Loss: 2.7088, layer3.1.conv1 Loss: 3.1357, layer3.1.conv2 Loss: 3.0409, layer4.0.conv1 Loss: 2.6197, layer4.0.conv2 Loss: 2.5891, layer4.1.conv1 Loss: 4.0394, layer4.1.conv2 Loss: 1.5586
Epoch 5, conv1 Loss: 3.9547, layer1.0.conv1 Loss: 3.8375, layer1.0.conv2 Loss: 3.6919, layer1.1.conv1 Loss: 3.7058, layer1.1.conv2 Loss: 3.7139, layer2.0.conv1 Loss: 3.4937, layer2.0.conv2 Loss: 3.4689, layer2.1.conv1 Loss: 3.3851, layer2.1.conv2 Loss: 3.4034, layer3.0.conv1 Loss: 2.9566, layer3.0.conv2 Loss: 2.6158, layer3.1.conv1 Loss: 3.0307, layer3.1.conv2 Loss: 2.9273, layer4.0.conv1 Loss: 2.5206, layer4.0.conv2 Loss: 2.4586, layer4.1.conv1 Loss: 3.9799, layer4.1.conv2 Loss: 1.4842
Epoch 6, conv1 Loss: 3.9295, layer1.0.conv1 Loss: 3.7872, layer1.0.conv2 Loss: 3.6489, layer1.1.conv1 Loss: 3.6567, layer1.1.conv2 Loss: 3.6623, layer2.0.conv1 Loss: 3.4402, layer2.0.conv2 Loss: 3.4138, layer2.1.conv1 Loss: 3.3327, layer2.1.conv2 Loss: 3.3381, layer3.0.conv1 Loss: 2.8950, layer3.0.conv2 Loss: 2.5433, layer3.1.conv1 Loss: 2.9500, layer3.1.conv2 Loss: 2.8354, layer4.0.conv1 Loss: 2.4464, layer4.0.conv2 Loss: 2.3613, layer4.1.conv1 Loss: 3.9350, layer4.1.conv2 Loss: 1.4261
Epoch 7, conv1 Loss: 3.9110, layer1.0.conv1 Loss: 3.7480, layer1.0.conv2 Loss: 3.6091, layer1.1.conv1 Loss: 3.6144, layer1.1.conv2 Loss: 3.6193, layer2.0.conv1 Loss: 3.3964, layer2.0.conv2 Loss: 3.3732, layer2.1.conv1 Loss: 3.2913, layer2.1.conv2 Loss: 3.2846, layer3.0.conv1 Loss: 2.8437, layer3.0.conv2 Loss: 2.4845, layer3.1.conv1 Loss: 2.8880, layer3.1.conv2 Loss: 2.7604, layer4.0.conv1 Loss: 2.3910, layer4.0.conv2 Loss: 2.2836, layer4.1.conv1 Loss: 3.8972, layer4.1.conv2 Loss: 1.3825
Epoch 8, conv1 Loss: 3.8978, layer1.0.conv1 Loss: 3.7157, layer1.0.conv2 Loss: 3.5712, layer1.1.conv1 Loss: 3.5780, layer1.1.conv2 Loss: 3.5822, layer2.0.conv1 Loss: 3.3584, layer2.0.conv2 Loss: 3.3392, layer2.1.conv1 Loss: 3.2563, layer2.1.conv2 Loss: 3.2367, layer3.0.conv1 Loss: 2.8014, layer3.0.conv2 Loss: 2.4346, layer3.1.conv1 Loss: 2.8397, layer3.1.conv2 Loss: 2.6945, layer4.0.conv1 Loss: 2.3410, layer4.0.conv2 Loss: 2.2172, layer4.1.conv1 Loss: 3.8676, layer4.1.conv2 Loss: 1.3449
Epoch 9, conv1 Loss: 3.8857, layer1.0.conv1 Loss: 3.6865, layer1.0.conv2 Loss: 3.5368, layer1.1.conv1 Loss: 3.5458, layer1.1.conv2 Loss: 3.5494, layer2.0.conv1 Loss: 3.3249, layer2.0.conv2 Loss: 3.3104, layer2.1.conv1 Loss: 3.2261, layer2.1.conv2 Loss: 3.1947, layer3.0.conv1 Loss: 2.7654, layer3.0.conv2 Loss: 2.3922, layer3.1.conv1 Loss: 2.7968, layer3.1.conv2 Loss: 2.6396, layer4.0.conv1 Loss: 2.2982, layer4.0.conv2 Loss: 2.1635, layer4.1.conv1 Loss: 3.8427, layer4.1.conv2 Loss: 1.3151
Epoch 10, conv1 Loss: 3.8731, layer1.0.conv1 Loss: 3.6641, layer1.0.conv2 Loss: 3.5059, layer1.1.conv1 Loss: 3.5200, layer1.1.conv2 Loss: 3.5202, layer2.0.conv1 Loss: 3.2953, layer2.0.conv2 Loss: 3.2841, layer2.1.conv1 Loss: 3.1983, layer2.1.conv2 Loss: 3.1571, layer3.0.conv1 Loss: 2.7315, layer3.0.conv2 Loss: 2.3545, layer3.1.conv1 Loss: 2.7622, layer3.1.conv2 Loss: 2.5908, layer4.0.conv1 Loss: 2.2636, layer4.0.conv2 Loss: 2.1167, layer4.1.conv1 Loss: 3.8218, layer4.1.conv2 Loss: 1.2862
Epoch 11, conv1 Loss: 3.8618, layer1.0.conv1 Loss: 3.6456, layer1.0.conv2 Loss: 3.4771, layer1.1.conv1 Loss: 3.4987, layer1.1.conv2 Loss: 3.4944, layer2.0.conv1 Loss: 3.2702, layer2.0.conv2 Loss: 3.2635, layer2.1.conv1 Loss: 3.1747, layer2.1.conv2 Loss: 3.1243, layer3.0.conv1 Loss: 2.7027, layer3.0.conv2 Loss: 2.3218, layer3.1.conv1 Loss: 2.7292, layer3.1.conv2 Loss: 2.5480, layer4.0.conv1 Loss: 2.2298, layer4.0.conv2 Loss: 2.0779, layer4.1.conv1 Loss: 3.8023, layer4.1.conv2 Loss: 1.2631
Epoch 12, conv1 Loss: 3.8489, layer1.0.conv1 Loss: 3.6274, layer1.0.conv2 Loss: 3.4494, layer1.1.conv1 Loss: 3.4759, layer1.1.conv2 Loss: 3.4684, layer2.0.conv1 Loss: 3.2433, layer2.0.conv2 Loss: 3.2404, layer2.1.conv1 Loss: 3.1495, layer2.1.conv2 Loss: 3.0921, layer3.0.conv1 Loss: 2.6745, layer3.0.conv2 Loss: 2.2902, layer3.1.conv1 Loss: 2.6984, layer3.1.conv2 Loss: 2.5096, layer4.0.conv1 Loss: 2.1982, layer4.0.conv2 Loss: 2.0424, layer4.1.conv1 Loss: 3.7875, layer4.1.conv2 Loss: 1.2399
Epoch 13, conv1 Loss: 3.8382, layer1.0.conv1 Loss: 3.6120, layer1.0.conv2 Loss: 3.4259, layer1.1.conv1 Loss: 3.4584, layer1.1.conv2 Loss: 3.4453, layer2.0.conv1 Loss: 3.2231, layer2.0.conv2 Loss: 3.2217, layer2.1.conv1 Loss: 3.1282, layer2.1.conv2 Loss: 3.0643, layer3.0.conv1 Loss: 2.6515, layer3.0.conv2 Loss: 2.2641, layer3.1.conv1 Loss: 2.6722, layer3.1.conv2 Loss: 2.4765, layer4.0.conv1 Loss: 2.1724, layer4.0.conv2 Loss: 2.0119, layer4.1.conv1 Loss: 3.7713, layer4.1.conv2 Loss: 1.2202
Epoch 14, conv1 Loss: 3.8267, layer1.0.conv1 Loss: 3.5968, layer1.0.conv2 Loss: 3.4035, layer1.1.conv1 Loss: 3.4397, layer1.1.conv2 Loss: 3.4234, layer2.0.conv1 Loss: 3.2005, layer2.0.conv2 Loss: 3.2034, layer2.1.conv1 Loss: 3.1067, layer2.1.conv2 Loss: 3.0379, layer3.0.conv1 Loss: 2.6285, layer3.0.conv2 Loss: 2.2419, layer3.1.conv1 Loss: 2.6462, layer3.1.conv2 Loss: 2.4465, layer4.0.conv1 Loss: 2.1485, layer4.0.conv2 Loss: 1.9846, layer4.1.conv1 Loss: 3.7586, layer4.1.conv2 Loss: 1.2023
Epoch 15, conv1 Loss: 3.8145, layer1.0.conv1 Loss: 3.5845, layer1.0.conv2 Loss: 3.3826, layer1.1.conv1 Loss: 3.4237, layer1.1.conv2 Loss: 3.4022, layer2.0.conv1 Loss: 3.1802, layer2.0.conv2 Loss: 3.1849, layer2.1.conv1 Loss: 3.0869, layer2.1.conv2 Loss: 3.0119, layer3.0.conv1 Loss: 2.6069, layer3.0.conv2 Loss: 2.2184, layer3.1.conv1 Loss: 2.6241, layer3.1.conv2 Loss: 2.4186, layer4.0.conv1 Loss: 2.1256, layer4.0.conv2 Loss: 1.9591, layer4.1.conv1 Loss: 3.7458, layer4.1.conv2 Loss: 1.1847
Epoch 16, conv1 Loss: 3.8053, layer1.0.conv1 Loss: 3.5730, layer1.0.conv2 Loss: 3.3629, layer1.1.conv1 Loss: 3.4076, layer1.1.conv2 Loss: 3.3836, layer2.0.conv1 Loss: 3.1636, layer2.0.conv2 Loss: 3.1685, layer2.1.conv1 Loss: 3.0672, layer2.1.conv2 Loss: 2.9889, layer3.0.conv1 Loss: 2.5861, layer3.0.conv2 Loss: 2.1971, layer3.1.conv1 Loss: 2.6003, layer3.1.conv2 Loss: 2.3923, layer4.0.conv1 Loss: 2.1028, layer4.0.conv2 Loss: 1.9356, layer4.1.conv1 Loss: 3.7351, layer4.1.conv2 Loss: 1.1670
Epoch 17, conv1 Loss: 3.7977, layer1.0.conv1 Loss: 3.5623, layer1.0.conv2 Loss: 3.3474, layer1.1.conv1 Loss: 3.3955, layer1.1.conv2 Loss: 3.3662, layer2.0.conv1 Loss: 3.1475, layer2.0.conv2 Loss: 3.1539, layer2.1.conv1 Loss: 3.0509, layer2.1.conv2 Loss: 2.9681, layer3.0.conv1 Loss: 2.5693, layer3.0.conv2 Loss: 2.1806, layer3.1.conv1 Loss: 2.5832, layer3.1.conv2 Loss: 2.3716, layer4.0.conv1 Loss: 2.0905, layer4.0.conv2 Loss: 1.9171, layer4.1.conv1 Loss: 3.7257, layer4.1.conv2 Loss: 1.1531
Epoch 18, conv1 Loss: 3.7886, layer1.0.conv1 Loss: 3.5541, layer1.0.conv2 Loss: 3.3292, layer1.1.conv1 Loss: 3.3809, layer1.1.conv2 Loss: 3.3479, layer2.0.conv1 Loss: 3.1317, layer2.0.conv2 Loss: 3.1397, layer2.1.conv1 Loss: 3.0343, layer2.1.conv2 Loss: 2.9473, layer3.0.conv1 Loss: 2.5530, layer3.0.conv2 Loss: 2.1619, layer3.1.conv1 Loss: 2.5623, layer3.1.conv2 Loss: 2.3484, layer4.0.conv1 Loss: 2.0726, layer4.0.conv2 Loss: 1.8953, layer4.1.conv1 Loss: 3.7159, layer4.1.conv2 Loss: 1.1384
Epoch 19, conv1 Loss: 3.7821, layer1.0.conv1 Loss: 3.5427, layer1.0.conv2 Loss: 3.3122, layer1.1.conv1 Loss: 3.3663, layer1.1.conv2 Loss: 3.3312, layer2.0.conv1 Loss: 3.1145, layer2.0.conv2 Loss: 3.1248, layer2.1.conv1 Loss: 3.0159, layer2.1.conv2 Loss: 2.9279, layer3.0.conv1 Loss: 2.5355, layer3.0.conv2 Loss: 2.1452, layer3.1.conv1 Loss: 2.5416, layer3.1.conv2 Loss: 2.3265, layer4.0.conv1 Loss: 2.0579, layer4.0.conv2 Loss: 1.8757, layer4.1.conv1 Loss: 3.7062, layer4.1.conv2 Loss: 1.1245
Epoch 20, conv1 Loss: 3.7741, layer1.0.conv1 Loss: 3.5333, layer1.0.conv2 Loss: 3.2967, layer1.1.conv1 Loss: 3.3546, layer1.1.conv2 Loss: 3.3146, layer2.0.conv1 Loss: 3.1017, layer2.0.conv2 Loss: 3.1122, layer2.1.conv1 Loss: 3.0005, layer2.1.conv2 Loss: 2.9090, layer3.0.conv1 Loss: 2.5189, layer3.0.conv2 Loss: 2.1291, layer3.1.conv1 Loss: 2.5245, layer3.1.conv2 Loss: 2.3082, layer4.0.conv1 Loss: 2.0444, layer4.0.conv2 Loss: 1.8592, layer4.1.conv1 Loss: 3.6987, layer4.1.conv2 Loss: 1.1128
Epoch 21, conv1 Loss: 3.7673, layer1.0.conv1 Loss: 3.5241, layer1.0.conv2 Loss: 3.2823, layer1.1.conv1 Loss: 3.3431, layer1.1.conv2 Loss: 3.3000, layer2.0.conv1 Loss: 3.0873, layer2.0.conv2 Loss: 3.0996, layer2.1.conv1 Loss: 2.9868, layer2.1.conv2 Loss: 2.8928, layer3.0.conv1 Loss: 2.5059, layer3.0.conv2 Loss: 2.1146, layer3.1.conv1 Loss: 2.5110, layer3.1.conv2 Loss: 2.2910, layer4.0.conv1 Loss: 2.0331, layer4.0.conv2 Loss: 1.8425, layer4.1.conv1 Loss: 3.6911, layer4.1.conv2 Loss: 1.0987
Epoch 22, conv1 Loss: 3.7622, layer1.0.conv1 Loss: 3.5204, layer1.0.conv2 Loss: 3.2713, layer1.1.conv1 Loss: 3.3354, layer1.1.conv2 Loss: 3.2872, layer2.0.conv1 Loss: 3.0766, layer2.0.conv2 Loss: 3.0902, layer2.1.conv1 Loss: 2.9740, layer2.1.conv2 Loss: 2.8782, layer3.0.conv1 Loss: 2.4942, layer3.0.conv2 Loss: 2.1028, layer3.1.conv1 Loss: 2.4977, layer3.1.conv2 Loss: 2.2751, layer4.0.conv1 Loss: 2.0246, layer4.0.conv2 Loss: 1.8298, layer4.1.conv1 Loss: 3.6831, layer4.1.conv2 Loss: 1.0887
Epoch 23, conv1 Loss: 3.7564, layer1.0.conv1 Loss: 3.5076, layer1.0.conv2 Loss: 3.2564, layer1.1.conv1 Loss: 3.3214, layer1.1.conv2 Loss: 3.2726, layer2.0.conv1 Loss: 3.0628, layer2.0.conv2 Loss: 3.0778, layer2.1.conv1 Loss: 2.9591, layer2.1.conv2 Loss: 2.8622, layer3.0.conv1 Loss: 2.4810, layer3.0.conv2 Loss: 2.0889, layer3.1.conv1 Loss: 2.4819, layer3.1.conv2 Loss: 2.2575, layer4.0.conv1 Loss: 2.0134, layer4.0.conv2 Loss: 1.8126, layer4.1.conv1 Loss: 3.6766, layer4.1.conv2 Loss: 1.0753
Epoch 24, conv1 Loss: 3.7507, layer1.0.conv1 Loss: 3.5014, layer1.0.conv2 Loss: 3.2463, layer1.1.conv1 Loss: 3.3131, layer1.1.conv2 Loss: 3.2609, layer2.0.conv1 Loss: 3.0546, layer2.0.conv2 Loss: 3.0691, layer2.1.conv1 Loss: 2.9500, layer2.1.conv2 Loss: 2.8494, layer3.0.conv1 Loss: 2.4720, layer3.0.conv2 Loss: 2.0784, layer3.1.conv1 Loss: 2.4706, layer3.1.conv2 Loss: 2.2442, layer4.0.conv1 Loss: 2.0054, layer4.0.conv2 Loss: 1.8006, layer4.1.conv1 Loss: 3.6685, layer4.1.conv2 Loss: 1.0652
Epoch 25, conv1 Loss: 3.7462, layer1.0.conv1 Loss: 3.4941, layer1.0.conv2 Loss: 3.2330, layer1.1.conv1 Loss: 3.3052, layer1.1.conv2 Loss: 3.2484, layer2.0.conv1 Loss: 3.0411, layer2.0.conv2 Loss: 3.0574, layer2.1.conv1 Loss: 2.9378, layer2.1.conv2 Loss: 2.8342, layer3.0.conv1 Loss: 2.4600, layer3.0.conv2 Loss: 2.0649, layer3.1.conv1 Loss: 2.4559, layer3.1.conv2 Loss: 2.2281, layer4.0.conv1 Loss: 1.9972, layer4.0.conv2 Loss: 1.7876, layer4.1.conv1 Loss: 3.6636, layer4.1.conv2 Loss: 1.0537
Evaluating models...
main Accuracy: 58.40%
conv1 Accuracy: 12.16%
layer1.0.conv1 Accuracy: 16.07%
layer1.0.conv2 Accuracy: 21.14%
layer1.1.conv1 Accuracy: 19.68%
layer1.1.conv2 Accuracy: 21.25%
layer2.0.conv1 Accuracy: 24.70%
layer2.0.conv2 Accuracy: 23.57%
layer2.1.conv1 Accuracy: 25.96%
layer2.1.conv2 Accuracy: 28.66%
layer3.0.conv1 Accuracy: 35.13%
layer3.0.conv2 Accuracy: 41.67%
layer3.1.conv1 Accuracy: 35.04%
layer3.1.conv2 Accuracy: 39.85%
layer4.0.conv1 Accuracy: 43.81%
layer4.0.conv2 Accuracy: 48.50%
layer4.1.conv1 Accuracy: 7.68%
layer4.1.conv2 Accuracy: 58.58%
