Files already downloaded and verified
Files already downloaded and verified
Training the main model (AlexNet)...
Epoch 1, Main Model Loss: 1.7249
Epoch 2, Main Model Loss: 1.4333
Epoch 3, Main Model Loss: 1.3085
Epoch 4, Main Model Loss: 1.2145
Epoch 5, Main Model Loss: 1.1344
Training auxiliary models...
Epoch 1, conv1 Loss: 1.7655, conv2 Loss: 1.5178, conv3 Loss: 1.3000, conv4 Loss: 1.2268, conv5 Loss: 1.1824
Epoch 2, conv1 Loss: 1.3331, conv2 Loss: 1.3423, conv3 Loss: 0.9945, conv4 Loss: 0.9519, conv5 Loss: 0.8780
Epoch 3, conv1 Loss: 1.2459, conv2 Loss: 1.2617, conv3 Loss: 0.7781, conv4 Loss: 0.7647, conv5 Loss: 0.6922
Epoch 4, conv1 Loss: 1.1880, conv2 Loss: 1.1980, conv3 Loss: 0.5761, conv4 Loss: 0.5823, conv5 Loss: 0.5178
Epoch 5, conv1 Loss: 1.1413, conv2 Loss: 1.1430, conv3 Loss: 0.4132, conv4 Loss: 0.4171, conv5 Loss: 0.3694
Evaluating models...
Accuracy for main: 61.63%
Accuracy for conv1: 52.34%
Accuracy for conv2: 52.69%
Accuracy for conv3: 59.50%
Accuracy for conv4: 60.89%
Accuracy for conv5: 60.47%
