Files already downloaded and verified
Files already downloaded and verified
Training the main model (AlexNet)...
Epoch 1, Main Model Loss: 1.7664
Epoch 2, Main Model Loss: 1.4570
Epoch 3, Main Model Loss: 1.3302
Epoch 4, Main Model Loss: 1.2353
Epoch 5, Main Model Loss: 1.1640
Epoch 6, Main Model Loss: 1.1121
Epoch 7, Main Model Loss: 1.0578
Epoch 8, Main Model Loss: 1.0147
Epoch 9, Main Model Loss: 0.9848
Epoch 10, Main Model Loss: 0.9393
Epoch 11, Main Model Loss: 0.9101
Epoch 12, Main Model Loss: 0.8861
Epoch 13, Main Model Loss: 0.8523
Epoch 14, Main Model Loss: 0.8264
Epoch 15, Main Model Loss: 0.8175
Epoch 16, Main Model Loss: 0.7768
Epoch 17, Main Model Loss: 0.7680
Epoch 18, Main Model Loss: 0.7340
Epoch 19, Main Model Loss: 0.7226
Epoch 20, Main Model Loss: 0.6948
Epoch 21, Main Model Loss: 0.6740
Epoch 22, Main Model Loss: 0.6650
Epoch 23, Main Model Loss: 0.6480
Epoch 24, Main Model Loss: 0.6262
Epoch 25, Main Model Loss: 0.5988
Training auxiliary models...
Epoch 1, conv1 Loss: 1.5534, conv2 Loss: 1.4299, conv3 Loss: 1.2164, conv4 Loss: 1.1115, conv5 Loss: 1.0001
Epoch 2, conv1 Loss: 1.2271, conv2 Loss: 1.2354, conv3 Loss: 0.8428, conv4 Loss: 0.7501, conv5 Loss: 0.4839
Epoch 3, conv1 Loss: 1.1358, conv2 Loss: 1.1422, conv3 Loss: 0.5538, conv4 Loss: 0.4719, conv5 Loss: 0.1843
Epoch 4, conv1 Loss: 1.0560, conv2 Loss: 1.0592, conv3 Loss: 0.3161, conv4 Loss: 0.2431, conv5 Loss: 0.0530
Epoch 5, conv1 Loss: 0.9961, conv2 Loss: 0.9840, conv3 Loss: 0.1608, conv4 Loss: 0.1034, conv5 Loss: 0.0144
Epoch 6, conv1 Loss: 0.9483, conv2 Loss: 0.9197, conv3 Loss: 0.0890, conv4 Loss: 0.0481, conv5 Loss: 0.0052
Epoch 7, conv1 Loss: 0.8936, conv2 Loss: 0.8606, conv3 Loss: 0.0602, conv4 Loss: 0.0314, conv5 Loss: 0.0026
Epoch 8, conv1 Loss: 0.8470, conv2 Loss: 0.8047, conv3 Loss: 0.0526, conv4 Loss: 0.0353, conv5 Loss: 0.0013
Epoch 9, conv1 Loss: 0.7943, conv2 Loss: 0.7463, conv3 Loss: 0.0581, conv4 Loss: 0.0503, conv5 Loss: 0.0008
Epoch 10, conv1 Loss: 0.7532, conv2 Loss: 0.7025, conv3 Loss: 0.0479, conv4 Loss: 0.0394, conv5 Loss: 0.0005
Epoch 11, conv1 Loss: 0.7296, conv2 Loss: 0.6577, conv3 Loss: 0.0358, conv4 Loss: 0.0202, conv5 Loss: 0.0003
Epoch 12, conv1 Loss: 0.6846, conv2 Loss: 0.6164, conv3 Loss: 0.0339, conv4 Loss: 0.0228, conv5 Loss: 0.0593
Epoch 13, conv1 Loss: 0.6534, conv2 Loss: 0.5755, conv3 Loss: 0.0235, conv4 Loss: 0.0288, conv5 Loss: 0.0671
Epoch 14, conv1 Loss: 0.6236, conv2 Loss: 0.5419, conv3 Loss: 0.0364, conv4 Loss: 0.0212, conv5 Loss: 0.0081
Epoch 15, conv1 Loss: 0.6009, conv2 Loss: 0.5103, conv3 Loss: 0.0306, conv4 Loss: 0.0208, conv5 Loss: 0.0022
Epoch 16, conv1 Loss: 0.5667, conv2 Loss: 0.4838, conv3 Loss: 0.0244, conv4 Loss: 0.0283, conv5 Loss: 0.0006
Epoch 17, conv1 Loss: 0.5427, conv2 Loss: 0.4460, conv3 Loss: 0.0267, conv4 Loss: 0.0150, conv5 Loss: 0.0004
Epoch 18, conv1 Loss: 0.5277, conv2 Loss: 0.4298, conv3 Loss: 0.0233, conv4 Loss: 0.0127, conv5 Loss: 0.0003
Epoch 19, conv1 Loss: 0.5077, conv2 Loss: 0.4051, conv3 Loss: 0.0235, conv4 Loss: 0.0262, conv5 Loss: 0.0002
Epoch 20, conv1 Loss: 0.4850, conv2 Loss: 0.3808, conv3 Loss: 0.0304, conv4 Loss: 0.0165, conv5 Loss: 0.0001
Epoch 21, conv1 Loss: 0.4662, conv2 Loss: 0.3666, conv3 Loss: 0.0213, conv4 Loss: 0.0139, conv5 Loss: 0.0001
Epoch 22, conv1 Loss: 0.4513, conv2 Loss: 0.3434, conv3 Loss: 0.0191, conv4 Loss: 0.0145, conv5 Loss: 0.0001
Epoch 23, conv1 Loss: 0.4460, conv2 Loss: 0.3345, conv3 Loss: 0.0269, conv4 Loss: 0.0160, conv5 Loss: 0.0000
Epoch 24, conv1 Loss: 0.4217, conv2 Loss: 0.3150, conv3 Loss: 0.0201, conv4 Loss: 0.0176, conv5 Loss: 0.0000
Epoch 25, conv1 Loss: 0.4115, conv2 Loss: 0.3035, conv3 Loss: 0.0172, conv4 Loss: 0.0131, conv5 Loss: 0.0000
Evaluating models...
Accuracy for main: 68.94%
Accuracy for conv1: 54.06%
Accuracy for conv2: 51.97%
Accuracy for conv3: 61.05%
Accuracy for conv4: 62.70%
Accuracy for conv5: 62.40%
